??INFO??[20-09-26??com.qy.dao.UserDaoTest??info:进入了testLog4j
??DEBUG??[20-09-26??com.qy.dao.UserDaoTest??debug:进入了testLog4j
??ERROR??[20-09-26??com.qy.dao.UserDaoTest??error:进入了testLog4j
[DEBUG][20-09-26[org.apache.ibatis.logging.LogFactory]Logging initialized using 'class org.apache.ibatis.logging.log4j.Log4jImpl' adapter.
[DEBUG][20-09-26[org.apache.ibatis.logging.LogFactory]Logging initialized using 'class org.apache.ibatis.logging.log4j.Log4jImpl' adapter.
[DEBUG][20-09-26[org.apache.ibatis.datasource.pooled.PooledDataSource]PooledDataSource forcefully closed/removed all connections.
[DEBUG][20-09-26[org.apache.ibatis.datasource.pooled.PooledDataSource]PooledDataSource forcefully closed/removed all connections.
[DEBUG][20-09-26[org.apache.ibatis.datasource.pooled.PooledDataSource]PooledDataSource forcefully closed/removed all connections.
[DEBUG][20-09-26[org.apache.ibatis.datasource.pooled.PooledDataSource]PooledDataSource forcefully closed/removed all connections.
[DEBUG][20-09-26[org.apache.ibatis.transaction.jdbc.JdbcTransaction]Opening JDBC Connection
[DEBUG][20-09-26[org.apache.ibatis.datasource.pooled.PooledDataSource]Created connection 454325163.
[DEBUG][20-09-26[org.apache.ibatis.transaction.jdbc.JdbcTransaction]Setting autocommit to false on JDBC Connection [com.mysql.cj.jdbc.ConnectionImpl@1b1473ab]
[DEBUG][20-09-26[com.qy.dao.UserMapper2.getUserById]==>  Preparing: select * from mybatis.user where id = ?
[DEBUG][20-09-26[com.qy.dao.UserMapper2.getUserById]==> Parameters: 1(Integer)
[DEBUG][20-09-26[com.qy.dao.UserMapper2.getUserById]<==      Total: 1
[DEBUG][20-09-26[org.apache.ibatis.transaction.jdbc.JdbcTransaction]Resetting autocommit to true on JDBC Connection [com.mysql.cj.jdbc.ConnectionImpl@1b1473ab]
[DEBUG][20-09-26[org.apache.ibatis.transaction.jdbc.JdbcTransaction]Closing JDBC Connection [com.mysql.cj.jdbc.ConnectionImpl@1b1473ab]
[DEBUG][20-09-26[org.apache.ibatis.datasource.pooled.PooledDataSource]Returned connection 454325163 to pool.
[INFO][20-09-26[com.qy.dao.UserDaoTest]info:进入了testLog4j
[DEBUG][20-09-26[com.qy.dao.UserDaoTest]debug:进入了testLog4j
[ERROR][20-09-26[com.qy.dao.UserDaoTest]error:进入了testLog4j
[DEBUG][20-09-26[org.apache.ibatis.logging.LogFactory]Logging initialized using 'class org.apache.ibatis.logging.log4j.Log4jImpl' adapter.
[DEBUG][20-09-26[org.apache.ibatis.logging.LogFactory]Logging initialized using 'class org.apache.ibatis.logging.log4j.Log4jImpl' adapter.
[DEBUG][20-09-26[org.apache.ibatis.datasource.pooled.PooledDataSource]PooledDataSource forcefully closed/removed all connections.
[DEBUG][20-09-26[org.apache.ibatis.datasource.pooled.PooledDataSource]PooledDataSource forcefully closed/removed all connections.
[DEBUG][20-09-26[org.apache.ibatis.datasource.pooled.PooledDataSource]PooledDataSource forcefully closed/removed all connections.
[DEBUG][20-09-26[org.apache.ibatis.datasource.pooled.PooledDataSource]PooledDataSource forcefully closed/removed all connections.
[DEBUG][20-09-26[org.apache.ibatis.logging.LogFactory]Logging initialized using 'class org.apache.ibatis.logging.log4j.Log4jImpl' adapter.
[DEBUG][20-09-26[org.apache.ibatis.logging.LogFactory]Logging initialized using 'class org.apache.ibatis.logging.log4j.Log4jImpl' adapter.
[DEBUG][20-09-26[org.apache.ibatis.datasource.pooled.PooledDataSource]PooledDataSource forcefully closed/removed all connections.
[DEBUG][20-09-26[org.apache.ibatis.datasource.pooled.PooledDataSource]PooledDataSource forcefully closed/removed all connections.
[DEBUG][20-09-26[org.apache.ibatis.datasource.pooled.PooledDataSource]PooledDataSource forcefully closed/removed all connections.
[DEBUG][20-09-26[org.apache.ibatis.datasource.pooled.PooledDataSource]PooledDataSource forcefully closed/removed all connections.
[DEBUG][20-09-26[org.apache.ibatis.logging.LogFactory]Logging initialized using 'class org.apache.ibatis.logging.log4j.Log4jImpl' adapter.
[DEBUG][20-09-26[org.apache.ibatis.logging.LogFactory]Logging initialized using 'class org.apache.ibatis.logging.log4j.Log4jImpl' adapter.
[DEBUG][20-09-26[org.apache.ibatis.datasource.pooled.PooledDataSource]PooledDataSource forcefully closed/removed all connections.
[DEBUG][20-09-26[org.apache.ibatis.datasource.pooled.PooledDataSource]PooledDataSource forcefully closed/removed all connections.
[DEBUG][20-09-26[org.apache.ibatis.datasource.pooled.PooledDataSource]PooledDataSource forcefully closed/removed all connections.
[DEBUG][20-09-26[org.apache.ibatis.datasource.pooled.PooledDataSource]PooledDataSource forcefully closed/removed all connections.
[DEBUG][20-09-26[org.apache.ibatis.transaction.jdbc.JdbcTransaction]Opening JDBC Connection
[DEBUG][20-09-26[org.apache.ibatis.datasource.pooled.PooledDataSource]Created connection 796667727.
[DEBUG][20-09-26[org.apache.ibatis.transaction.jdbc.JdbcTransaction]Setting autocommit to false on JDBC Connection [com.mysql.cj.jdbc.ConnectionImpl@2f7c2f4f]
[DEBUG][20-09-26[com.qy.dao.UserMapper2.getUserByLimit]==>  Preparing: select * from mybatis.user limit ?,?
[DEBUG][20-09-26[com.qy.dao.UserMapper2.getUserByLimit]==> Parameters: 0(Integer), 2(Integer)
[DEBUG][20-09-26[com.qy.dao.UserMapper2.getUserByLimit]<==      Total: 2
[DEBUG][20-09-26[org.apache.ibatis.transaction.jdbc.JdbcTransaction]Resetting autocommit to true on JDBC Connection [com.mysql.cj.jdbc.ConnectionImpl@2f7c2f4f]
[DEBUG][20-09-26[org.apache.ibatis.transaction.jdbc.JdbcTransaction]Closing JDBC Connection [com.mysql.cj.jdbc.ConnectionImpl@2f7c2f4f]
[DEBUG][20-09-26[org.apache.ibatis.datasource.pooled.PooledDataSource]Returned connection 796667727 to pool.
[DEBUG][20-09-26[org.apache.ibatis.logging.LogFactory]Logging initialized using 'class org.apache.ibatis.logging.log4j.Log4jImpl' adapter.
[DEBUG][20-09-26[org.apache.ibatis.logging.LogFactory]Logging initialized using 'class org.apache.ibatis.logging.log4j.Log4jImpl' adapter.
[DEBUG][20-09-26[org.apache.ibatis.datasource.pooled.PooledDataSource]PooledDataSource forcefully closed/removed all connections.
[DEBUG][20-09-26[org.apache.ibatis.datasource.pooled.PooledDataSource]PooledDataSource forcefully closed/removed all connections.
[DEBUG][20-09-26[org.apache.ibatis.datasource.pooled.PooledDataSource]PooledDataSource forcefully closed/removed all connections.
[DEBUG][20-09-26[org.apache.ibatis.datasource.pooled.PooledDataSource]PooledDataSource forcefully closed/removed all connections.
[DEBUG][20-09-26[org.apache.ibatis.logging.LogFactory]Logging initialized using 'class org.apache.ibatis.logging.log4j.Log4jImpl' adapter.
[DEBUG][20-09-26[org.apache.ibatis.logging.LogFactory]Logging initialized using 'class org.apache.ibatis.logging.log4j.Log4jImpl' adapter.
[DEBUG][20-09-26[org.apache.ibatis.datasource.pooled.PooledDataSource]PooledDataSource forcefully closed/removed all connections.
[DEBUG][20-09-26[org.apache.ibatis.datasource.pooled.PooledDataSource]PooledDataSource forcefully closed/removed all connections.
[DEBUG][20-09-26[org.apache.ibatis.datasource.pooled.PooledDataSource]PooledDataSource forcefully closed/removed all connections.
[DEBUG][20-09-26[org.apache.ibatis.datasource.pooled.PooledDataSource]PooledDataSource forcefully closed/removed all connections.
[DEBUG][20-09-26[org.apache.ibatis.transaction.jdbc.JdbcTransaction]Opening JDBC Connection
[DEBUG][20-09-26[org.apache.ibatis.datasource.pooled.PooledDataSource]Created connection 796667727.
[DEBUG][20-09-26[org.apache.ibatis.transaction.jdbc.JdbcTransaction]Setting autocommit to false on JDBC Connection [com.mysql.cj.jdbc.ConnectionImpl@2f7c2f4f]
[DEBUG][20-09-26[com.qy.dao.UserMapper2.getUserByLimit]==>  Preparing: select * from mybatis.user limit ?,?
[DEBUG][20-09-26[com.qy.dao.UserMapper2.getUserByLimit]==> Parameters: 0(Integer), 2(Integer)
[DEBUG][20-09-26[com.qy.dao.UserMapper2.getUserByLimit]<==      Total: 2
[DEBUG][20-09-26[org.apache.ibatis.transaction.jdbc.JdbcTransaction]Resetting autocommit to true on JDBC Connection [com.mysql.cj.jdbc.ConnectionImpl@2f7c2f4f]
[DEBUG][20-09-26[org.apache.ibatis.transaction.jdbc.JdbcTransaction]Closing JDBC Connection [com.mysql.cj.jdbc.ConnectionImpl@2f7c2f4f]
[DEBUG][20-09-26[org.apache.ibatis.datasource.pooled.PooledDataSource]Returned connection 796667727 to pool.
[DEBUG][20-09-26[org.apache.ibatis.logging.LogFactory]Logging initialized using 'class org.apache.ibatis.logging.log4j.Log4jImpl' adapter.
[DEBUG][20-09-26[org.apache.ibatis.logging.LogFactory]Logging initialized using 'class org.apache.ibatis.logging.log4j.Log4jImpl' adapter.
[DEBUG][20-09-26[org.apache.ibatis.datasource.pooled.PooledDataSource]PooledDataSource forcefully closed/removed all connections.
[DEBUG][20-09-26[org.apache.ibatis.datasource.pooled.PooledDataSource]PooledDataSource forcefully closed/removed all connections.
[DEBUG][20-09-26[org.apache.ibatis.datasource.pooled.PooledDataSource]PooledDataSource forcefully closed/removed all connections.
[DEBUG][20-09-26[org.apache.ibatis.datasource.pooled.PooledDataSource]PooledDataSource forcefully closed/removed all connections.
[DEBUG][20-09-26[org.apache.ibatis.transaction.jdbc.JdbcTransaction]Opening JDBC Connection
[DEBUG][20-09-26[org.apache.ibatis.datasource.pooled.PooledDataSource]Created connection 2081191879.
[DEBUG][20-09-26[org.apache.ibatis.transaction.jdbc.JdbcTransaction]Setting autocommit to false on JDBC Connection [com.mysql.cj.jdbc.ConnectionImpl@7c0c77c7]
[DEBUG][20-09-26[com.qy.dao.UserMapper2.getUserByRowBounds]==>  Preparing: select * from mybatis.user
[DEBUG][20-09-26[com.qy.dao.UserMapper2.getUserByRowBounds]==> Parameters:
[DEBUG][20-09-26[org.apache.ibatis.transaction.jdbc.JdbcTransaction]Resetting autocommit to true on JDBC Connection [com.mysql.cj.jdbc.ConnectionImpl@7c0c77c7]
[DEBUG][20-09-26[org.apache.ibatis.transaction.jdbc.JdbcTransaction]Closing JDBC Connection [com.mysql.cj.jdbc.ConnectionImpl@7c0c77c7]
[DEBUG][20-09-26[org.apache.ibatis.datasource.pooled.PooledDataSource]Returned connection 2081191879 to pool.
